*** Using Compiler 'V5.06 update 7 (build 960)', folder: 'C:\MDK5.36\ARM\ARMCC\Bin'
Rebuild target 'stepper_doctor'
assembling startup_stm32f103xe.s...
compiling stm32f1xx_it.c...
compiling stm32f1xx_hal_gpio.c...
compiling pulse.c...
compiling delay.c...
compiling stm32f1xx_hal_usart.c...
compiling stm32f1xx_hal_cortex.c...
compiling system_stm32f1xx.c...
compiling stm32f1xx_hal_gpio_ex.c...
compiling uart.c...
compiling sys.c...
compiling main.c...
..\..\Users\main.c(24): warning:  #177-D: variable "bye_message"  was declared but never referenced
      uint8_t bye_message[2] = {'5', '5'};
..\..\Users\main.c: 1 warning, 0 errors
compiling tmc2209.c...
compiling stm32f1xx_hal.c...
compiling stm32f1xx_hal_dma.c...
compiling stm32f1xx_hal_rcc_ex.c...
compiling stm32f1xx_hal_tim_ex.c...
compiling stm32f1xx_hal_uart.c...
compiling stm32f1xx_hal_rcc.c...
compiling stm32f1xx_hal_tim.c...
linking...
Program Size: Code=8696 RO-data=360 RW-data=44 ZI-data=1892  
"..\..\Output\stepper_doctor.axf" - 0 Error(s), 1 Warning(s).
Build Time Elapsed:  00:00:02
